<?xml version="1.0" encoding="UTF-8"?>
<testng-results skipped="0" failed="0" ignored="0" total="0" passed="0">
  <reporter-output>
  </reporter-output>
  <suite name="com.natwest.iag.test.runner.TestRunner" duration-ms="47" started-at="2021-11-09T21:47:44 IST" finished-at="2021-11-09T21:47:44 IST">
    <groups>
    </groups>
    <test name="Command line test" duration-ms="47" started-at="2021-11-09T21:47:44 IST" finished-at="2021-11-09T21:47:44 IST">
    </test> <!-- Command line test -->
  </suite> <!-- com.natwest.iag.test.runner.TestRunner -->
</testng-results>
